Content-Type: text/plain; charset="utf-8"
MIME-Version: 1.0
Content-Transfer-Encoding: 7bit
Subject: Password reset on 127.0.0.1:8000
From: webmaster@localhost
To: inoshanilangeswaran@hotmail.co.uk
Date: Wed, 06 May 2020 14:47:48 -0000
Message-ID: <158877646814.17528.10004149097440438709@DESKTOP-UENEE76>


You're receiving this email because you requested a password reset for your user account at 127.0.0.1:8000.

Please go to the following page and choose a new password:

http://127.0.0.1:8000/password-reset-confirm/MTE/5g9-d4f70cce2d1d1c569aef/

Your username, in case you've forgotten: catowner

Thanks for using our site!

The 127.0.0.1:8000 team



-------------------------------------------------------------------------------
Content-Type: text/plain; charset="utf-8"
MIME-Version: 1.0
Content-Transfer-Encoding: 7bit
Subject: Password reset on 127.0.0.1:8000
From: webmaster@localhost
To: inoshanilangeswaran@hotmail.co.uk
Date: Wed, 06 May 2020 14:47:48 -0000
Message-ID: <158877646814.17528.2116750642637446960@DESKTOP-UENEE76>


You're receiving this email because you requested a password reset for your user account at 127.0.0.1:8000.

Please go to the following page and choose a new password:

http://127.0.0.1:8000/password-reset-confirm/MTI/5g9-4a11a43bfec3b01c8a68/

Your username, in case you've forgotten: dogowner

Thanks for using our site!

The 127.0.0.1:8000 team



-------------------------------------------------------------------------------
